:::MLLOG {"namespace": "", "time_ms": 1728270393406, "event_type": "POINT_IN_TIME", "key": "cache_clear", "value": "True", "metadata": {"file": "mlperf_logging_utils.py", "lineno": 77}}
:::MLLOG {"namespace": "", "time_ms": 1728270393564, "event_type": "POINT_IN_TIME", "key": "submission_benchmark", "value": "llama2_70b_lora", "metadata": {"file": "mlperf_logging_utils.py", "lineno": 80}}
:::MLLOG {"namespace": "", "time_ms": 1728270393564, "event_type": "POINT_IN_TIME", "key": "submission_division", "value": "closed", "metadata": {"file": "mlperf_logging_utils.py", "lineno": 84}}
:::MLLOG {"namespace": "", "time_ms": 1728270393565, "event_type": "POINT_IN_TIME", "key": "submission_org", "value": "referece", "metadata": {"file": "mlperf_logging_utils.py", "lineno": 88}}
:::MLLOG {"namespace": "", "time_ms": 1728270393565, "event_type": "POINT_IN_TIME", "key": "submission_platform", "value": "referece", "metadata": {"file": "mlperf_logging_utils.py", "lineno": 91}}
:::MLLOG {"namespace": "", "time_ms": 1728270393565, "event_type": "POINT_IN_TIME", "key": "submission_poc_name", "value": "referece", "metadata": {"file": "mlperf_logging_utils.py", "lineno": 95}}
:::MLLOG {"namespace": "", "time_ms": 1728270393565, "event_type": "POINT_IN_TIME", "key": "submission_poc_email", "value": "referece", "metadata": {"file": "mlperf_logging_utils.py", "lineno": 99}}
:::MLLOG {"namespace": "", "time_ms": 1728270393565, "event_type": "POINT_IN_TIME", "key": "submission_status", "value": "onprem", "metadata": {"file": "mlperf_logging_utils.py", "lineno": 103}}
:::MLLOG {"namespace": "", "time_ms": 1728270393565, "event_type": "POINT_IN_TIME", "key": "global_batch_size", "value": 16, "metadata": {"file": "mlperf_logging_utils.py", "lineno": 107}}
:::MLLOG {"namespace": "", "time_ms": 1728270393565, "event_type": "POINT_IN_TIME", "key": "train_samples", "value": 2713, "metadata": {"file": "mlperf_logging_utils.py", "lineno": 111}}
:::MLLOG {"namespace": "", "time_ms": 1728270393565, "event_type": "POINT_IN_TIME", "key": "eval_samples", "value": 283, "metadata": {"file": "mlperf_logging_utils.py", "lineno": 115}}
:::MLLOG {"namespace": "", "time_ms": 1728270393565, "event_type": "POINT_IN_TIME", "key": "seed", "value": 0, "metadata": {"file": "mlperf_logging_utils.py", "lineno": 119}}
:::MLLOG {"namespace": "", "time_ms": 1728270393566, "event_type": "POINT_IN_TIME", "key": "opt_learning_rate_warmup_factor", "value": 0.0, "metadata": {"file": "mlperf_logging_utils.py", "lineno": 120}}
:::MLLOG {"namespace": "", "time_ms": 1728270393566, "event_type": "POINT_IN_TIME", "key": "opt_learning_rate_training_steps", "value": 10, "metadata": {"file": "mlperf_logging_utils.py", "lineno": 121}}
:::MLLOG {"namespace": "", "time_ms": 1728270393566, "event_type": "POINT_IN_TIME", "key": "opt_adamw_weight_decay", "value": 0.0, "metadata": {"file": "mlperf_logging_utils.py", "lineno": 122}}
:::MLLOG {"namespace": "", "time_ms": 1728270393566, "event_type": "POINT_IN_TIME", "key": "opt_gradient_clip_norm", "value": 0.0, "metadata": {"file": "mlperf_logging_utils.py", "lineno": 123}}
:::MLLOG {"namespace": "", "time_ms": 1728270393566, "event_type": "POINT_IN_TIME", "key": "opt_base_learning_rate", "value": 5e-05, "metadata": {"file": "mlperf_logging_utils.py", "lineno": 124}}
:::MLLOG {"namespace": "", "time_ms": 1728270393566, "event_type": "POINT_IN_TIME", "key": "gradient_accumulation_steps", "value": 1, "metadata": {"file": "mlperf_logging_utils.py", "lineno": 125}}
:::MLLOG {"namespace": "", "time_ms": 1728270393566, "event_type": "INTERVAL_START", "key": "init_start", "value": "", "metadata": {"file": "mlperf_logging_utils.py", "lineno": 126}}
:::MLLOG {"namespace": "", "time_ms": 1728270393566, "event_type": "INTERVAL_END", "key": "init_stop", "value": "", "metadata": {"file": "mlperf_logging_utils.py", "lineno": 128}}
:::MLLOG {"namespace": "", "time_ms": 1728270393566, "event_type": "INTERVAL_START", "key": "run_start", "value": "", "metadata": {"file": "mlperf_logging_utils.py", "lineno": 129}}
:::MLLOG {"namespace": "", "time_ms": 1728270580601, "event_type": "POINT_IN_TIME", "key": "cache_clear", "value": "True", "metadata": {"file": "mlperf_logging_utils.py", "lineno": 77}}
:::MLLOG {"namespace": "", "time_ms": 1728270580760, "event_type": "POINT_IN_TIME", "key": "submission_benchmark", "value": "llama2_70b_lora", "metadata": {"file": "mlperf_logging_utils.py", "lineno": 80}}
:::MLLOG {"namespace": "", "time_ms": 1728270580760, "event_type": "POINT_IN_TIME", "key": "submission_division", "value": "closed", "metadata": {"file": "mlperf_logging_utils.py", "lineno": 84}}
:::MLLOG {"namespace": "", "time_ms": 1728270580760, "event_type": "POINT_IN_TIME", "key": "submission_org", "value": "referece", "metadata": {"file": "mlperf_logging_utils.py", "lineno": 88}}
:::MLLOG {"namespace": "", "time_ms": 1728270580760, "event_type": "POINT_IN_TIME", "key": "submission_platform", "value": "referece", "metadata": {"file": "mlperf_logging_utils.py", "lineno": 91}}
:::MLLOG {"namespace": "", "time_ms": 1728270580760, "event_type": "POINT_IN_TIME", "key": "submission_poc_name", "value": "referece", "metadata": {"file": "mlperf_logging_utils.py", "lineno": 95}}
:::MLLOG {"namespace": "", "time_ms": 1728270580760, "event_type": "POINT_IN_TIME", "key": "submission_poc_email", "value": "referece", "metadata": {"file": "mlperf_logging_utils.py", "lineno": 99}}
:::MLLOG {"namespace": "", "time_ms": 1728270580761, "event_type": "POINT_IN_TIME", "key": "submission_status", "value": "onprem", "metadata": {"file": "mlperf_logging_utils.py", "lineno": 103}}
:::MLLOG {"namespace": "", "time_ms": 1728270580761, "event_type": "POINT_IN_TIME", "key": "global_batch_size", "value": 16, "metadata": {"file": "mlperf_logging_utils.py", "lineno": 107}}
:::MLLOG {"namespace": "", "time_ms": 1728270580761, "event_type": "POINT_IN_TIME", "key": "train_samples", "value": 2713, "metadata": {"file": "mlperf_logging_utils.py", "lineno": 111}}
:::MLLOG {"namespace": "", "time_ms": 1728270580761, "event_type": "POINT_IN_TIME", "key": "eval_samples", "value": 283, "metadata": {"file": "mlperf_logging_utils.py", "lineno": 115}}
:::MLLOG {"namespace": "", "time_ms": 1728270580761, "event_type": "POINT_IN_TIME", "key": "seed", "value": 0, "metadata": {"file": "mlperf_logging_utils.py", "lineno": 119}}
:::MLLOG {"namespace": "", "time_ms": 1728270580761, "event_type": "POINT_IN_TIME", "key": "opt_learning_rate_warmup_factor", "value": 0.0, "metadata": {"file": "mlperf_logging_utils.py", "lineno": 120}}
:::MLLOG {"namespace": "", "time_ms": 1728270580761, "event_type": "POINT_IN_TIME", "key": "opt_learning_rate_training_steps", "value": 10, "metadata": {"file": "mlperf_logging_utils.py", "lineno": 121}}
:::MLLOG {"namespace": "", "time_ms": 1728270580761, "event_type": "POINT_IN_TIME", "key": "opt_adamw_weight_decay", "value": 0.0, "metadata": {"file": "mlperf_logging_utils.py", "lineno": 122}}
:::MLLOG {"namespace": "", "time_ms": 1728270580761, "event_type": "POINT_IN_TIME", "key": "opt_gradient_clip_norm", "value": 0.0, "metadata": {"file": "mlperf_logging_utils.py", "lineno": 123}}
:::MLLOG {"namespace": "", "time_ms": 1728270580762, "event_type": "POINT_IN_TIME", "key": "opt_base_learning_rate", "value": 5e-05, "metadata": {"file": "mlperf_logging_utils.py", "lineno": 124}}
:::MLLOG {"namespace": "", "time_ms": 1728270580762, "event_type": "POINT_IN_TIME", "key": "gradient_accumulation_steps", "value": 1, "metadata": {"file": "mlperf_logging_utils.py", "lineno": 125}}
:::MLLOG {"namespace": "", "time_ms": 1728270580762, "event_type": "INTERVAL_START", "key": "init_start", "value": "", "metadata": {"file": "mlperf_logging_utils.py", "lineno": 126}}
:::MLLOG {"namespace": "", "time_ms": 1728270580762, "event_type": "INTERVAL_END", "key": "init_stop", "value": "", "metadata": {"file": "mlperf_logging_utils.py", "lineno": 128}}
:::MLLOG {"namespace": "", "time_ms": 1728270580762, "event_type": "INTERVAL_START", "key": "run_start", "value": "", "metadata": {"file": "mlperf_logging_utils.py", "lineno": 129}}
:::MLLOG {"namespace": "", "time_ms": 1728270695422, "event_type": "POINT_IN_TIME", "key": "cache_clear", "value": "True", "metadata": {"file": "mlperf_logging_utils.py", "lineno": 77}}
:::MLLOG {"namespace": "", "time_ms": 1728270695581, "event_type": "POINT_IN_TIME", "key": "submission_benchmark", "value": "llama2_70b_lora", "metadata": {"file": "mlperf_logging_utils.py", "lineno": 80}}
:::MLLOG {"namespace": "", "time_ms": 1728270695581, "event_type": "POINT_IN_TIME", "key": "submission_division", "value": "closed", "metadata": {"file": "mlperf_logging_utils.py", "lineno": 84}}
:::MLLOG {"namespace": "", "time_ms": 1728270695581, "event_type": "POINT_IN_TIME", "key": "submission_org", "value": "referece", "metadata": {"file": "mlperf_logging_utils.py", "lineno": 88}}
:::MLLOG {"namespace": "", "time_ms": 1728270695581, "event_type": "POINT_IN_TIME", "key": "submission_platform", "value": "referece", "metadata": {"file": "mlperf_logging_utils.py", "lineno": 91}}
:::MLLOG {"namespace": "", "time_ms": 1728270695581, "event_type": "POINT_IN_TIME", "key": "submission_poc_name", "value": "referece", "metadata": {"file": "mlperf_logging_utils.py", "lineno": 95}}
:::MLLOG {"namespace": "", "time_ms": 1728270695581, "event_type": "POINT_IN_TIME", "key": "submission_poc_email", "value": "referece", "metadata": {"file": "mlperf_logging_utils.py", "lineno": 99}}
:::MLLOG {"namespace": "", "time_ms": 1728270695581, "event_type": "POINT_IN_TIME", "key": "submission_status", "value": "onprem", "metadata": {"file": "mlperf_logging_utils.py", "lineno": 103}}
:::MLLOG {"namespace": "", "time_ms": 1728270695582, "event_type": "POINT_IN_TIME", "key": "global_batch_size", "value": 16, "metadata": {"file": "mlperf_logging_utils.py", "lineno": 107}}
:::MLLOG {"namespace": "", "time_ms": 1728270695582, "event_type": "POINT_IN_TIME", "key": "train_samples", "value": 2713, "metadata": {"file": "mlperf_logging_utils.py", "lineno": 111}}
:::MLLOG {"namespace": "", "time_ms": 1728270695582, "event_type": "POINT_IN_TIME", "key": "eval_samples", "value": 283, "metadata": {"file": "mlperf_logging_utils.py", "lineno": 115}}
:::MLLOG {"namespace": "", "time_ms": 1728270695582, "event_type": "POINT_IN_TIME", "key": "seed", "value": 0, "metadata": {"file": "mlperf_logging_utils.py", "lineno": 119}}
:::MLLOG {"namespace": "", "time_ms": 1728270695582, "event_type": "POINT_IN_TIME", "key": "opt_learning_rate_warmup_factor", "value": 0.0, "metadata": {"file": "mlperf_logging_utils.py", "lineno": 120}}
:::MLLOG {"namespace": "", "time_ms": 1728270695582, "event_type": "POINT_IN_TIME", "key": "opt_learning_rate_training_steps", "value": 10, "metadata": {"file": "mlperf_logging_utils.py", "lineno": 121}}
:::MLLOG {"namespace": "", "time_ms": 1728270695582, "event_type": "POINT_IN_TIME", "key": "opt_adamw_weight_decay", "value": 0.0, "metadata": {"file": "mlperf_logging_utils.py", "lineno": 122}}
:::MLLOG {"namespace": "", "time_ms": 1728270695582, "event_type": "POINT_IN_TIME", "key": "opt_gradient_clip_norm", "value": 0.0, "metadata": {"file": "mlperf_logging_utils.py", "lineno": 123}}
:::MLLOG {"namespace": "", "time_ms": 1728270695582, "event_type": "POINT_IN_TIME", "key": "opt_base_learning_rate", "value": 5e-05, "metadata": {"file": "mlperf_logging_utils.py", "lineno": 124}}
:::MLLOG {"namespace": "", "time_ms": 1728270695583, "event_type": "POINT_IN_TIME", "key": "gradient_accumulation_steps", "value": 1, "metadata": {"file": "mlperf_logging_utils.py", "lineno": 125}}
:::MLLOG {"namespace": "", "time_ms": 1728270695583, "event_type": "INTERVAL_START", "key": "init_start", "value": "", "metadata": {"file": "mlperf_logging_utils.py", "lineno": 126}}
:::MLLOG {"namespace": "", "time_ms": 1728270695583, "event_type": "INTERVAL_END", "key": "init_stop", "value": "", "metadata": {"file": "mlperf_logging_utils.py", "lineno": 128}}
:::MLLOG {"namespace": "", "time_ms": 1728270695583, "event_type": "INTERVAL_START", "key": "run_start", "value": "", "metadata": {"file": "mlperf_logging_utils.py", "lineno": 129}}
:::MLLOG {"namespace": "", "time_ms": 1728270711474, "event_type": "POINT_IN_TIME", "key": "train_loss", "value": -1, "metadata": {"file": "mlperf_logging_utils.py", "lineno": 147, "samples_count": -1}}
:::MLLOG {"namespace": "", "time_ms": 1728270725126, "event_type": "POINT_IN_TIME", "key": "train_loss", "value": 10.3735, "metadata": {"file": "mlperf_logging_utils.py", "lineno": 147, "samples_count": 32}}
:::MLLOG {"namespace": "", "time_ms": 1728270726649, "event_type": "INTERVAL_END", "key": "block_stop", "value": "", "metadata": {"file": "mlperf_logging_utils.py", "lineno": 155, "samples_count": 48}}
:::MLLOG {"namespace": "", "time_ms": 1728270822929, "event_type": "POINT_IN_TIME", "key": "cache_clear", "value": "True", "metadata": {"file": "mlperf_logging_utils.py", "lineno": 77}}
:::MLLOG {"namespace": "", "time_ms": 1728270823088, "event_type": "POINT_IN_TIME", "key": "submission_benchmark", "value": "llama2_70b_lora", "metadata": {"file": "mlperf_logging_utils.py", "lineno": 80}}
:::MLLOG {"namespace": "", "time_ms": 1728270823088, "event_type": "POINT_IN_TIME", "key": "submission_division", "value": "closed", "metadata": {"file": "mlperf_logging_utils.py", "lineno": 84}}
:::MLLOG {"namespace": "", "time_ms": 1728270823088, "event_type": "POINT_IN_TIME", "key": "submission_org", "value": "referece", "metadata": {"file": "mlperf_logging_utils.py", "lineno": 88}}
:::MLLOG {"namespace": "", "time_ms": 1728270823088, "event_type": "POINT_IN_TIME", "key": "submission_platform", "value": "referece", "metadata": {"file": "mlperf_logging_utils.py", "lineno": 91}}
:::MLLOG {"namespace": "", "time_ms": 1728270823088, "event_type": "POINT_IN_TIME", "key": "submission_poc_name", "value": "referece", "metadata": {"file": "mlperf_logging_utils.py", "lineno": 95}}
:::MLLOG {"namespace": "", "time_ms": 1728270823088, "event_type": "POINT_IN_TIME", "key": "submission_poc_email", "value": "referece", "metadata": {"file": "mlperf_logging_utils.py", "lineno": 99}}
:::MLLOG {"namespace": "", "time_ms": 1728270823088, "event_type": "POINT_IN_TIME", "key": "submission_status", "value": "onprem", "metadata": {"file": "mlperf_logging_utils.py", "lineno": 103}}
:::MLLOG {"namespace": "", "time_ms": 1728270823088, "event_type": "POINT_IN_TIME", "key": "global_batch_size", "value": 16, "metadata": {"file": "mlperf_logging_utils.py", "lineno": 107}}
:::MLLOG {"namespace": "", "time_ms": 1728270823089, "event_type": "POINT_IN_TIME", "key": "train_samples", "value": 2713, "metadata": {"file": "mlperf_logging_utils.py", "lineno": 111}}
:::MLLOG {"namespace": "", "time_ms": 1728270823089, "event_type": "POINT_IN_TIME", "key": "eval_samples", "value": 283, "metadata": {"file": "mlperf_logging_utils.py", "lineno": 115}}
:::MLLOG {"namespace": "", "time_ms": 1728270823089, "event_type": "POINT_IN_TIME", "key": "seed", "value": 0, "metadata": {"file": "mlperf_logging_utils.py", "lineno": 119}}
:::MLLOG {"namespace": "", "time_ms": 1728270823089, "event_type": "POINT_IN_TIME", "key": "opt_learning_rate_warmup_factor", "value": 0.0, "metadata": {"file": "mlperf_logging_utils.py", "lineno": 120}}
:::MLLOG {"namespace": "", "time_ms": 1728270823089, "event_type": "POINT_IN_TIME", "key": "opt_learning_rate_training_steps", "value": 10, "metadata": {"file": "mlperf_logging_utils.py", "lineno": 121}}
:::MLLOG {"namespace": "", "time_ms": 1728270823089, "event_type": "POINT_IN_TIME", "key": "opt_adamw_weight_decay", "value": 0.0, "metadata": {"file": "mlperf_logging_utils.py", "lineno": 122}}
:::MLLOG {"namespace": "", "time_ms": 1728270823089, "event_type": "POINT_IN_TIME", "key": "opt_gradient_clip_norm", "value": 0.0, "metadata": {"file": "mlperf_logging_utils.py", "lineno": 123}}
:::MLLOG {"namespace": "", "time_ms": 1728270823089, "event_type": "POINT_IN_TIME", "key": "opt_base_learning_rate", "value": 5e-05, "metadata": {"file": "mlperf_logging_utils.py", "lineno": 124}}
:::MLLOG {"namespace": "", "time_ms": 1728270823089, "event_type": "POINT_IN_TIME", "key": "gradient_accumulation_steps", "value": 1, "metadata": {"file": "mlperf_logging_utils.py", "lineno": 125}}
:::MLLOG {"namespace": "", "time_ms": 1728270823090, "event_type": "INTERVAL_START", "key": "init_start", "value": "", "metadata": {"file": "mlperf_logging_utils.py", "lineno": 126}}
:::MLLOG {"namespace": "", "time_ms": 1728270823090, "event_type": "INTERVAL_END", "key": "init_stop", "value": "", "metadata": {"file": "mlperf_logging_utils.py", "lineno": 128}}
:::MLLOG {"namespace": "", "time_ms": 1728270823090, "event_type": "INTERVAL_START", "key": "run_start", "value": "", "metadata": {"file": "mlperf_logging_utils.py", "lineno": 129}}
:::MLLOG {"namespace": "", "time_ms": 1728270840058, "event_type": "POINT_IN_TIME", "key": "train_loss", "value": -1, "metadata": {"file": "mlperf_logging_utils.py", "lineno": 148, "samples_count": -1}}
:::MLLOG {"namespace": "", "time_ms": 1728270853003, "event_type": "POINT_IN_TIME", "key": "train_loss", "value": 10.3735, "metadata": {"file": "mlperf_logging_utils.py", "lineno": 148, "samples_count": 32}}
:::MLLOG {"namespace": "", "time_ms": 1728270854559, "event_type": "INTERVAL_END", "key": "block_stop", "value": "", "metadata": {"file": "mlperf_logging_utils.py", "lineno": 156, "samples_count": 48}}
:::MLLOG {"namespace": "", "time_ms": 1728270953762, "event_type": "POINT_IN_TIME", "key": "cache_clear", "value": "True", "metadata": {"file": "mlperf_logging_utils.py", "lineno": 77}}
:::MLLOG {"namespace": "", "time_ms": 1728270953923, "event_type": "POINT_IN_TIME", "key": "submission_benchmark", "value": "llama2_70b_lora", "metadata": {"file": "mlperf_logging_utils.py", "lineno": 80}}
:::MLLOG {"namespace": "", "time_ms": 1728270953923, "event_type": "POINT_IN_TIME", "key": "submission_division", "value": "closed", "metadata": {"file": "mlperf_logging_utils.py", "lineno": 84}}
:::MLLOG {"namespace": "", "time_ms": 1728270953923, "event_type": "POINT_IN_TIME", "key": "submission_org", "value": "referece", "metadata": {"file": "mlperf_logging_utils.py", "lineno": 88}}
:::MLLOG {"namespace": "", "time_ms": 1728270953923, "event_type": "POINT_IN_TIME", "key": "submission_platform", "value": "referece", "metadata": {"file": "mlperf_logging_utils.py", "lineno": 91}}
:::MLLOG {"namespace": "", "time_ms": 1728270953923, "event_type": "POINT_IN_TIME", "key": "submission_poc_name", "value": "referece", "metadata": {"file": "mlperf_logging_utils.py", "lineno": 95}}
:::MLLOG {"namespace": "", "time_ms": 1728270953923, "event_type": "POINT_IN_TIME", "key": "submission_poc_email", "value": "referece", "metadata": {"file": "mlperf_logging_utils.py", "lineno": 99}}
:::MLLOG {"namespace": "", "time_ms": 1728270953923, "event_type": "POINT_IN_TIME", "key": "submission_status", "value": "onprem", "metadata": {"file": "mlperf_logging_utils.py", "lineno": 103}}
:::MLLOG {"namespace": "", "time_ms": 1728270953923, "event_type": "POINT_IN_TIME", "key": "global_batch_size", "value": 16, "metadata": {"file": "mlperf_logging_utils.py", "lineno": 107}}
:::MLLOG {"namespace": "", "time_ms": 1728270953924, "event_type": "POINT_IN_TIME", "key": "train_samples", "value": 2713, "metadata": {"file": "mlperf_logging_utils.py", "lineno": 111}}
:::MLLOG {"namespace": "", "time_ms": 1728270953924, "event_type": "POINT_IN_TIME", "key": "eval_samples", "value": 283, "metadata": {"file": "mlperf_logging_utils.py", "lineno": 115}}
:::MLLOG {"namespace": "", "time_ms": 1728270953924, "event_type": "POINT_IN_TIME", "key": "seed", "value": 0, "metadata": {"file": "mlperf_logging_utils.py", "lineno": 119}}
:::MLLOG {"namespace": "", "time_ms": 1728270953924, "event_type": "POINT_IN_TIME", "key": "opt_learning_rate_warmup_factor", "value": 0.0, "metadata": {"file": "mlperf_logging_utils.py", "lineno": 120}}
:::MLLOG {"namespace": "", "time_ms": 1728270953924, "event_type": "POINT_IN_TIME", "key": "opt_learning_rate_training_steps", "value": 10, "metadata": {"file": "mlperf_logging_utils.py", "lineno": 121}}
:::MLLOG {"namespace": "", "time_ms": 1728270953924, "event_type": "POINT_IN_TIME", "key": "opt_adamw_weight_decay", "value": 0.0, "metadata": {"file": "mlperf_logging_utils.py", "lineno": 122}}
:::MLLOG {"namespace": "", "time_ms": 1728270953924, "event_type": "POINT_IN_TIME", "key": "opt_gradient_clip_norm", "value": 0.0, "metadata": {"file": "mlperf_logging_utils.py", "lineno": 123}}
:::MLLOG {"namespace": "", "time_ms": 1728270953924, "event_type": "POINT_IN_TIME", "key": "opt_base_learning_rate", "value": 5e-05, "metadata": {"file": "mlperf_logging_utils.py", "lineno": 124}}
:::MLLOG {"namespace": "", "time_ms": 1728270953924, "event_type": "POINT_IN_TIME", "key": "gradient_accumulation_steps", "value": 1, "metadata": {"file": "mlperf_logging_utils.py", "lineno": 125}}
:::MLLOG {"namespace": "", "time_ms": 1728270953925, "event_type": "INTERVAL_START", "key": "init_start", "value": "", "metadata": {"file": "mlperf_logging_utils.py", "lineno": 126}}
:::MLLOG {"namespace": "", "time_ms": 1728270953925, "event_type": "INTERVAL_END", "key": "init_stop", "value": "", "metadata": {"file": "mlperf_logging_utils.py", "lineno": 128}}
:::MLLOG {"namespace": "", "time_ms": 1728270953925, "event_type": "INTERVAL_START", "key": "run_start", "value": "", "metadata": {"file": "mlperf_logging_utils.py", "lineno": 129}}
:::MLLOG {"namespace": "", "time_ms": 1728270969530, "event_type": "POINT_IN_TIME", "key": "train_loss", "value": -1, "metadata": {"file": "mlperf_logging_utils.py", "lineno": 148, "samples_count": -1}}
:::MLLOG {"namespace": "", "time_ms": 1728270982426, "event_type": "POINT_IN_TIME", "key": "train_loss", "value": 10.3735, "metadata": {"file": "mlperf_logging_utils.py", "lineno": 148, "samples_count": 32}}
:::MLLOG {"namespace": "", "time_ms": 1728270983968, "event_type": "INTERVAL_END", "key": "block_stop", "value": "", "metadata": {"file": "mlperf_logging_utils.py", "lineno": 156, "samples_count": 48}}
:::MLLOG {"namespace": "", "time_ms": 1728271532516, "event_type": "POINT_IN_TIME", "key": "cache_clear", "value": "True", "metadata": {"file": "mlperf_logging_utils.py", "lineno": 77}}
:::MLLOG {"namespace": "", "time_ms": 1728271532680, "event_type": "POINT_IN_TIME", "key": "submission_benchmark", "value": "llama2_70b_lora", "metadata": {"file": "mlperf_logging_utils.py", "lineno": 80}}
:::MLLOG {"namespace": "", "time_ms": 1728271532680, "event_type": "POINT_IN_TIME", "key": "submission_division", "value": "closed", "metadata": {"file": "mlperf_logging_utils.py", "lineno": 84}}
:::MLLOG {"namespace": "", "time_ms": 1728271532681, "event_type": "POINT_IN_TIME", "key": "submission_org", "value": "referece", "metadata": {"file": "mlperf_logging_utils.py", "lineno": 88}}
:::MLLOG {"namespace": "", "time_ms": 1728271532681, "event_type": "POINT_IN_TIME", "key": "submission_platform", "value": "referece", "metadata": {"file": "mlperf_logging_utils.py", "lineno": 91}}
:::MLLOG {"namespace": "", "time_ms": 1728271532681, "event_type": "POINT_IN_TIME", "key": "submission_poc_name", "value": "referece", "metadata": {"file": "mlperf_logging_utils.py", "lineno": 95}}
:::MLLOG {"namespace": "", "time_ms": 1728271532681, "event_type": "POINT_IN_TIME", "key": "submission_poc_email", "value": "referece", "metadata": {"file": "mlperf_logging_utils.py", "lineno": 99}}
:::MLLOG {"namespace": "", "time_ms": 1728271532681, "event_type": "POINT_IN_TIME", "key": "submission_status", "value": "onprem", "metadata": {"file": "mlperf_logging_utils.py", "lineno": 103}}
:::MLLOG {"namespace": "", "time_ms": 1728271532681, "event_type": "POINT_IN_TIME", "key": "global_batch_size", "value": 16, "metadata": {"file": "mlperf_logging_utils.py", "lineno": 107}}
:::MLLOG {"namespace": "", "time_ms": 1728271532681, "event_type": "POINT_IN_TIME", "key": "train_samples", "value": 2713, "metadata": {"file": "mlperf_logging_utils.py", "lineno": 111}}
:::MLLOG {"namespace": "", "time_ms": 1728271532681, "event_type": "POINT_IN_TIME", "key": "eval_samples", "value": 283, "metadata": {"file": "mlperf_logging_utils.py", "lineno": 115}}
:::MLLOG {"namespace": "", "time_ms": 1728271532681, "event_type": "POINT_IN_TIME", "key": "seed", "value": 0, "metadata": {"file": "mlperf_logging_utils.py", "lineno": 119}}
:::MLLOG {"namespace": "", "time_ms": 1728271532681, "event_type": "POINT_IN_TIME", "key": "opt_learning_rate_warmup_factor", "value": 0.0, "metadata": {"file": "mlperf_logging_utils.py", "lineno": 120}}
:::MLLOG {"namespace": "", "time_ms": 1728271532682, "event_type": "POINT_IN_TIME", "key": "opt_learning_rate_training_steps", "value": 10, "metadata": {"file": "mlperf_logging_utils.py", "lineno": 121}}
:::MLLOG {"namespace": "", "time_ms": 1728271532682, "event_type": "POINT_IN_TIME", "key": "opt_adamw_weight_decay", "value": 0.0, "metadata": {"file": "mlperf_logging_utils.py", "lineno": 122}}
:::MLLOG {"namespace": "", "time_ms": 1728271532682, "event_type": "POINT_IN_TIME", "key": "opt_gradient_clip_norm", "value": 0.0, "metadata": {"file": "mlperf_logging_utils.py", "lineno": 123}}
:::MLLOG {"namespace": "", "time_ms": 1728271532682, "event_type": "POINT_IN_TIME", "key": "opt_base_learning_rate", "value": 5e-05, "metadata": {"file": "mlperf_logging_utils.py", "lineno": 124}}
:::MLLOG {"namespace": "", "time_ms": 1728271532682, "event_type": "POINT_IN_TIME", "key": "gradient_accumulation_steps", "value": 1, "metadata": {"file": "mlperf_logging_utils.py", "lineno": 125}}
:::MLLOG {"namespace": "", "time_ms": 1728271532682, "event_type": "INTERVAL_START", "key": "init_start", "value": "", "metadata": {"file": "mlperf_logging_utils.py", "lineno": 126}}
:::MLLOG {"namespace": "", "time_ms": 1728271532682, "event_type": "INTERVAL_END", "key": "init_stop", "value": "", "metadata": {"file": "mlperf_logging_utils.py", "lineno": 128}}
:::MLLOG {"namespace": "", "time_ms": 1728271532682, "event_type": "INTERVAL_START", "key": "run_start", "value": "", "metadata": {"file": "mlperf_logging_utils.py", "lineno": 129}}
:::MLLOG {"namespace": "", "time_ms": 1728271549155, "event_type": "POINT_IN_TIME", "key": "train_loss", "value": -1, "metadata": {"file": "mlperf_logging_utils.py", "lineno": 148, "samples_count": -1}}
:::MLLOG {"namespace": "", "time_ms": 1728271561686, "event_type": "POINT_IN_TIME", "key": "train_loss", "value": 10.3735, "metadata": {"file": "mlperf_logging_utils.py", "lineno": 148, "samples_count": 32}}
